Arguments: 
  /usr/bin/node /home/domi/.yarn/bin/yarn.js

PATH: 
  /home/domi/.yarn/bin:/usr/local/sbin:/usr/local/bin:/usr/sbin:/usr/bin:/sbin:/bin:/usr/games:/usr/local/games:/mnt/c/Program Files (x86)/Common Files/Intel/Shared Libraries/redist/intel64/compiler:/mnt/c/Program Files (x86)/Intel/iCLS Client:/mnt/c/Program Files/Intel/iCLS Client:/mnt/c/Windows/System32:/mnt/c/Windows:/mnt/c/Windows/System32/wbem:/mnt/c/Windows/System32/WindowsPowerShell/v1.0:/mnt/c/Program Files (x86)/Intel/Intel(R) Management Engine Components/DAL:/mnt/c/Program Files/Intel/Intel(R) Management Engine Components/DAL:/mnt/c/Program Files (x86)/Intel/Intel(R) Management Engine Components/IPT:/mnt/c/Program Files/Intel/Intel(R) Management Engine Components/IPT:/mnt/c/Program Files/PuTTY:/mnt/c/Windows/System32/OpenSSH:/mnt/c/Program Files (x86)/QuickTime/QTSystem:/mnt/c/Program Files/Microsoft VS Code/bin:/mnt/c/Program Files/Git/cmd:/mnt/c/Program Files/Nintendo/Nintendo Dev Interface:/mnt/c/Program Files/Nintendo/HostBridge:/mnt/c/Program Files/Microsoft VS Code/bin:/mnt/c/Users/domi/AppData/Local/Microsoft/WindowsApps

Yarn version: 
  1.12.0-20180926.1157

Node version: 
  8.10.0

Platform: 
  linux x64

Trace: 
  Error: https://registry.yarnpkg.com/@material-ui/core/-/core-3.1.1.tgz: ESOCKETTIMEDOUT
      at ClientRequest.<anonymous> (/home/domi/.yarn/lib/cli.js:122480:19)
      at Object.onceWrapper (events.js:313:30)
      at emitNone (events.js:106:13)
      at ClientRequest.emit (events.js:208:7)
      at TLSSocket.emitTimeout (_http_client.js:711:34)
      at Object.onceWrapper (events.js:313:30)
      at emitNone (events.js:106:13)
      at TLSSocket.emit (events.js:208:7)
      at TLSSocket.Socket._onTimeout (net.js:420:8)
      at ontimeout (timers.js:482:11)

npm manifest: 
  {
    "name": "open-car-dashboard",
    "version": "0.1.0",
    "main": "index.js",
    "license": "ISC",
    "scripts": {
      "start": "webpack-dev-server --config ./webpack.config.js --mode development",
      "build": "webpack --config ./webpack.config.js",
      "start:electron": "electron .",
      "build:electron": "electron-builder"
    },
    "dependencies": {
      "@fortawesome/fontawesome-free": "^5.3.1",
      "@material-ui/core": "^3.0.3",
      "@material-ui/icons": "^3.0.1",
      "connected-react-router": "^4.4.1",
      "flow-type": "^1.0.1",
      "font-awesome": "^4.7.0",
      "history": "^4.7.2",
      "moment": "^2.22.2",
      "raw-loader": "^0.5.1",
      "react": "^16.3.2",
      "react-redux": "^5.0.7",
      "react-router": "^4.3.1",
      "react-screen-keyboard": "^1.4.1",
      "react-svg-inline": "^2.1.1",
      "recompose": "^0.27.0",
      "redux": "^4.0.0",
      "redux-saga": "^0.16.0",
      "styled-components": "^3.2.6"
    },
    "devDependencies": {
      "babel": "^6.23.0",
      "babel-core": "^6.26.3",
      "babel-loader": "^7.1.4",
      "babel-preset-env": "^1.6.1",
      "babel-preset-react": "^6.24.1",
      "css-loader": "^0.28.11",
      "electron": "^3.0.0",
      "electron-builder": "^20.28.4",
      "eslint": "^4.19.1",
      "eslint-config-8select-flow": "^1.0.3",
      "eslint-plugin-react": "^7.7.0",
      "file-loader": "^2.0.0",
      "image-webpack-loader": "^4.3.1",
      "jest": "^22.4.3",
      "prettier": "^1.12.1",
      "react-dom": "^16.3.2",
      "react-hot-loader": "^4.1.2",
      "style-loader": "^0.21.0",
      "webpack": "^4.6.0",
      "webpack-cli": "^2.0.15",
      "webpack-dev-server": "^3.1.3"
    }
  }

yarn manifest: 
  No manifest

Lockfile: 
  No lockfile
